<?xml version="1.0" encoding="UTF-8"?>
<testng-results ignored="0" total="1" passed="1" failed="0" skipped="0">
  <reporter-output>
  </reporter-output>
  <suite started-at="2020-05-27T06:59:40Z" name="suite" finished-at="2020-05-27T07:00:50Z" duration-ms="70366">
    <groups>
    </groups>
    <test started-at="2020-05-27T06:59:40Z" name="test_wishlist" finished-at="2020-05-27T07:00:50Z" duration-ms="70366">
      <class name="testcases.WishlistPageTest">
        <test-method is-config="true" signature="initDriver()[pri:0, instance:testcases.WishlistPageTest@511816c0]" started-at="2020-05-27T06:59:40Z" name="initDriver" finished-at="2020-05-27T06:59:48Z" duration-ms="8446" status="PASS">
          <reporter-output>
          </reporter-output>
        </test-method> <!-- initDriver -->
        <test-method is-config="true" signature="data()[pri:0, instance:testcases.WishlistPageTest@511816c0]" started-at="2020-05-27T06:59:48Z" name="data" finished-at="2020-05-27T07:00:33Z" depends-on-methods="testcases.BaseTest.initDriver" duration-ms="44497" status="PASS">
          <reporter-output>
          </reporter-output>
        </test-method> <!-- data -->
        <test-method signature="verifyProductInWishList()[pri:0, instance:testcases.WishlistPageTest@511816c0]" started-at="2020-05-27T07:00:33Z" name="verifyProductInWishList" finished-at="2020-05-27T07:00:49Z" duration-ms="15698" status="PASS">
          <reporter-output>
          </reporter-output>
        </test-method> <!-- verifyProductInWishList -->
        <test-method is-config="true" signature="cleanOrKeepTrack(org.testng.ITestResult)[pri:0, instance:testcases.WishlistPageTest@511816c0]" started-at="2020-05-27T07:00:49Z" name="cleanOrKeepTrack" finished-at="2020-05-27T07:00:50Z" duration-ms="509" status="PASS">
          <params>
            <param index="0">
              <value>
                <![CDATA[[TestResult name=verifyProductInWishList status=SUCCESS method=WishlistPageTest.verifyProductInWishList()[pri:0, instance:testcases.WishlistPageTest@511816c0] output={null}]]]>
              </value>
            </param>
          </params>
          <reporter-output>
          </reporter-output>
        </test-method> <!-- cleanOrKeepTrack -->
        <test-method is-config="true" signature="tearDown()[pri:0, instance:testcases.WishlistPageTest@511816c0]" started-at="2020-05-27T07:00:50Z" name="tearDown" finished-at="2020-05-27T07:00:50Z" duration-ms="802" status="PASS">
          <reporter-output>
          </reporter-output>
        </test-method> <!-- tearDown -->
      </class> <!-- testcases.WishlistPageTest -->
    </test> <!-- test_wishlist -->
  </suite> <!-- suite -->
</testng-results>
