<?xml version="1.0" encoding="UTF-8"?>
<testng-results ignored="0" total="1" passed="1" failed="0" skipped="0">
  <reporter-output>
  </reporter-output>
  <suite started-at="2020-06-03T09:53:44Z" name="suite" finished-at="2020-06-03T09:54:58Z" duration-ms="74298">
    <groups>
    </groups>
    <test started-at="2020-06-03T09:53:44Z" name="test1" finished-at="2020-06-03T09:54:58Z" duration-ms="74298">
      <class name="testcases.WishlistPageTest">
        <test-method is-config="true" signature="initDriver()[pri:0, instance:testcases.WishlistPageTest@6ac97b84]" started-at="2020-06-03T09:53:44Z" name="initDriver" finished-at="2020-06-03T09:53:52Z" duration-ms="7738" status="PASS">
          <reporter-output>
          </reporter-output>
        </test-method> <!-- initDriver -->
        <test-method is-config="true" signature="data()[pri:0, instance:testcases.WishlistPageTest@6ac97b84]" started-at="2020-06-03T09:53:52Z" name="data" finished-at="2020-06-03T09:54:31Z" depends-on-methods="testcases.BaseTest.initDriver" duration-ms="39228" status="PASS">
          <reporter-output>
          </reporter-output>
        </test-method> <!-- data -->
        <test-method signature="verifyProductInWishList()[pri:0, instance:testcases.WishlistPageTest@6ac97b84]" started-at="2020-06-03T09:54:31Z" name="verifyProductInWishList" finished-at="2020-06-03T09:54:57Z" duration-ms="25870" status="PASS">
          <reporter-output>
          </reporter-output>
        </test-method> <!-- verifyProductInWishList -->
        <test-method is-config="true" signature="cleanOrKeepTrack(org.testng.ITestResult)[pri:0, instance:testcases.WishlistPageTest@6ac97b84]" started-at="2020-06-03T09:54:57Z" name="cleanOrKeepTrack" finished-at="2020-06-03T09:54:58Z" duration-ms="364" status="PASS">
          <params>
            <param index="0">
              <value>
                <![CDATA[[TestResult name=verifyProductInWishList status=SUCCESS method=WishlistPageTest.verifyProductInWishList()[pri:0, instance:testcases.WishlistPageTest@6ac97b84] output={null}]]]>
              </value>
            </param>
          </params>
          <reporter-output>
          </reporter-output>
        </test-method> <!-- cleanOrKeepTrack -->
        <test-method is-config="true" signature="tearDown()[pri:0, instance:testcases.WishlistPageTest@6ac97b84]" started-at="2020-06-03T09:54:58Z" name="tearDown" finished-at="2020-06-03T09:54:58Z" duration-ms="724" status="PASS">
          <reporter-output>
          </reporter-output>
        </test-method> <!-- tearDown -->
      </class> <!-- testcases.WishlistPageTest -->
    </test> <!-- test1 -->
  </suite> <!-- suite -->
</testng-results>
