<?xml version="1.0" encoding="UTF-8"?>
<!-- Generated by org.testng.reporters.JUnitXMLReporter -->
<testsuite ignored="0" hostname="DESKTOP-BP3T59L" failures="0" tests="1" name="ChromeTest" time="0.816" errors="0" timestamp="03 Jun 2020 09:45:11 GMT">
  <testcase classname="testcases.ComparePageTest" name="@BeforeTest Data" time="0.154">
    <failure type="java.lang.NullPointerException">
      <![CDATA[java.lang.NullPointerException
at pages.HomePage.open(HomePage.java:18)
at testcases.ComparePageTest.clearAllProductInCompareList(ComparePageTest.java:47)
at testcases.ComparePageTest.Data(ComparePageTest.java:41)
at java.base/java.util.concurrent.FutureTask.run(FutureTask.java:264)
at java.base/java.util.concurrent.ThreadPoolExecutor.runWorker(ThreadPoolExecutor.java:1128)
at java.base/java.util.concurrent.ThreadPoolExecutor$Worker.run(ThreadPoolExecutor.java:628)
at java.base/java.lang.Thread.run(Thread.java:830)
... Removed 15 stack frames]]>
    </failure>
  </testcase> <!-- @BeforeTest Data -->
  <testcase classname="testcases.BaseTest" name="@BeforeClass initDriver" time="0.0">
    <skipped/>
  </testcase> <!-- @BeforeClass initDriver -->
  <testcase classname="testcases.BaseTest" name="@AfterMethod cleanOrKeepTrack" time="0.0">
    <skipped/>
  </testcase> <!-- @AfterMethod cleanOrKeepTrack -->
  <testcase classname="testcases.BaseTest" name="@AfterClass tearDown" time="0.0">
    <skipped/>
  </testcase> <!-- @AfterClass tearDown -->
  <testcase classname="testcases.ComparePageTest" name="verifyProductInComparePage" time="0.0">
    <skipped/>
  </testcase> <!-- verifyProductInComparePage -->
</testsuite> <!-- ChromeTest -->
